Using pre-set license
Built from '2021.3/staging' branch; Version is '2021.3.26f1 (a16dc32e0ff2) revision 10579395'; Using compiler version '192829333'; Build Type 'Release'
OS: 'Windows 10  (10.0.19045) 64bit Professional' Language: 'es' Physical Memory: 16316 MB
BatchMode: 1, IsHumanControllingUs: 0, StartBugReporterOnCrash: 0, Is64bit: 1, IsPro: 1

COMMAND LINE ARGUMENTS:
D:\Archivos de programa\Unity\2021.3.26f1\Editor\Unity.exe
-adb2
-batchMode
-noUpm
-name
AssetImportWorker0
-projectPath
D:/Documentos Unity/Int_Reto1/Itnter_Reto1Pacman/PildoraPuzzler
-logFile
Logs/AssetImportWorker0.log
-srvPort
64233
Successfully changed project path to: D:/Documentos Unity/Int_Reto1/Itnter_Reto1Pacman/PildoraPuzzler
D:/Documentos Unity/Int_Reto1/Itnter_Reto1Pacman/PildoraPuzzler
[UnityMemory] Configuration Parameters - Can be set up in boot.config
    "memorysetup-bucket-allocator-granularity=16"
    "memorysetup-bucket-allocator-bucket-count=8"
    "memorysetup-bucket-allocator-block-size=33554432"
    "memorysetup-bucket-allocator-block-count=8"
    "memorysetup-main-allocator-block-size=16777216"
    "memorysetup-thread-allocator-block-size=16777216"
    "memorysetup-gfx-main-allocator-block-size=16777216"
    "memorysetup-gfx-thread-allocator-block-size=16777216"
    "memorysetup-cache-allocator-block-size=4194304"
    "memorysetup-typetree-allocator-block-size=2097152"
    "memorysetup-profiler-bucket-allocator-granularity=16"
    "memorysetup-profiler-bucket-allocator-bucket-count=8"
    "memorysetup-profiler-bucket-allocator-block-size=33554432"
    "memorysetup-profiler-bucket-allocator-block-count=8"
    "memorysetup-profiler-allocator-block-size=16777216"
    "memorysetup-profiler-editor-allocator-block-size=1048576"
    "memorysetup-temp-allocator-size-main=16777216"
    "memorysetup-job-temp-allocator-block-size=2097152"
    "memorysetup-job-temp-allocator-block-size-background=1048576"
    "memorysetup-job-temp-allocator-reduction-small-platforms=262144"
    "memorysetup-temp-allocator-size-background-worker=32768"
    "memorysetup-temp-allocator-size-job-worker=262144"
    "memorysetup-temp-allocator-size-preload-manager=33554432"
    "memorysetup-temp-allocator-size-nav-mesh-worker=65536"
    "memorysetup-temp-allocator-size-audio-worker=65536"
    "memorysetup-temp-allocator-size-cloud-worker=32768"
    "memorysetup-temp-allocator-size-gi-baking-worker=262144"
    "memorysetup-temp-allocator-size-gfx=262144"
Player connection [14088] Host "[IP] 192.168.10.14 [Port] 0 [Flags] 2 [Guid] 1289750777 [EditorId] 1289750777 [Version] 1048832 [Id] WindowsEditor(7,USUARIO-PC) [Debug] 1 [PackageName] WindowsEditor [ProjectName] Editor" joined multi-casting on [225.0.0.222:54997]...

Player connection [14088] Host "[IP] 192.168.10.14 [Port] 0 [Flags] 2 [Guid] 1289750777 [EditorId] 1289750777 [Version] 1048832 [Id] WindowsEditor(7,USUARIO-PC) [Debug] 1 [PackageName] WindowsEditor [ProjectName] Editor" joined alternative multi-casting on [225.0.0.222:34997]...

Refreshing native plugins compatible for Editor in 85.24 ms, found 3 plugins.
Preloading 0 native plugins for Editor in 0.00 ms.
Initialize engine version: 2021.3.26f1 (a16dc32e0ff2)
[Subsystems] Discovering subsystems at path D:/Archivos de programa/Unity/2021.3.26f1/Editor/Data/Resources/UnitySubsystems
[Subsystems] Discovering subsystems at path D:/Documentos Unity/Int_Reto1/Itnter_Reto1Pacman/PildoraPuzzler/Assets
GfxDevice: creating device client; threaded=0; jobified=0
Direct3D:
    Version:  Direct3D 11.0 [level 11.1]
    Renderer: NVIDIA GeForce GTX 1050 Ti (ID=0x1c82)
    Vendor:   NVIDIA
    VRAM:     4017 MB
    Driver:   31.0.15.3623
Initialize mono
Mono path[0] = 'D:/Archivos de programa/Unity/2021.3.26f1/Editor/Data/Managed'
Mono path[1] = 'D:/Archivos de programa/Unity/2021.3.26f1/Editor/Data/MonoBleedingEdge/lib/mono/unityjit-win32'
Mono config path = 'D:/Archivos de programa/Unity/2021.3.26f1/Editor/Data/MonoBleedingEdge/etc'
Using monoOptions --debugger-agent=transport=dt_socket,embedding=1,server=y,suspend=n,address=127.0.0.1:56152
Begin MonoManager ReloadAssembly
Registering precompiled unity dll's ...
Register platform support module: D:/Archivos de programa/Unity/2021.3.26f1/Editor/Data/PlaybackEngines/WindowsStandaloneSupport/UnityEditor.WindowsStandalone.Extensions.dll
Registered in 0.004045 seconds.
Native extension for WindowsStandalone target not found
Refreshing native plugins compatible for Editor in 84.28 ms, found 3 plugins.
Preloading 0 native plugins for Editor in 0.00 ms.
Mono: successfully reloaded assembly
- Completed reload, in  0.779 seconds
Domain Reload Profiling:
	ReloadAssembly (779ms)
		BeginReloadAssembly (108ms)
			ExecutionOrderSort (0ms)
			DisableScriptedObjects (0ms)
			BackupInstance (0ms)
			ReleaseScriptingObjects (0ms)
			CreateAndSetChildDomain (1ms)
		EndReloadAssembly (551ms)
			LoadAssemblies (106ms)
			RebuildTransferFunctionScriptingTraits (0ms)
			SetupTypeCache (133ms)
			ReleaseScriptCaches (0ms)
			RebuildScriptCaches (34ms)
			SetupLoadedEditorAssemblies (321ms)
				LogAssemblyErrors (0ms)
				InitializePlatformSupportModulesInManaged (9ms)
				SetLoadedEditorAssemblies (0ms)
				RefreshPlugins (84ms)
				BeforeProcessingInitializeOnLoad (2ms)
				ProcessInitializeOnLoadAttributes (164ms)
				ProcessInitializeOnLoadMethodAttributes (62ms)
				AfterProcessingInitializeOnLoad (0ms)
				EditorAssembliesLoaded (0ms)
			ExecutionOrderSort2 (0ms)
			AwakeInstancesAfterBackupRestoration (0ms)
Platform modules already initialized, skipping
Registering precompiled user dll's ...
Registered in 0.005039 seconds.
Begin MonoManager ReloadAssembly
Symbol file LoadedFromMemory doesn't match image D:\Documentos Unity\Int_Reto1\Itnter_Reto1Pacman\PildoraPuzzler\Library\PackageCache\com.unity.visualscripting@1.8.0\Editor\VisualScripting.Core\Dependencies\YamlDotNet\Unity.VisualScripting.YamlDotNet.dll
Symbol file LoadedFromMemory doesn't match image D:\Documentos Unity\Int_Reto1\Itnter_Reto1Pacman\PildoraPuzzler\Library\PackageCache\com.unity.visualscripting@1.8.0\Editor\VisualScripting.Core\Dependencies\DotNetZip\Unity.VisualScripting.IonicZip.dll
Native extension for WindowsStandalone target not found
Refreshing native plugins compatible for Editor in 0.64 ms, found 3 plugins.
Preloading 0 native plugins for Editor in 0.00 ms.
Mono: successfully reloaded assembly
- Completed reload, in  1.243 seconds
Domain Reload Profiling:
	ReloadAssembly (1244ms)
		BeginReloadAssembly (159ms)
			ExecutionOrderSort (0ms)
			DisableScriptedObjects (8ms)
			BackupInstance (0ms)
			ReleaseScriptingObjects (0ms)
			CreateAndSetChildDomain (26ms)
		EndReloadAssembly (949ms)
			LoadAssemblies (121ms)
			RebuildTransferFunctionScriptingTraits (0ms)
			SetupTypeCache (326ms)
			ReleaseScriptCaches (1ms)
			RebuildScriptCaches (63ms)
			SetupLoadedEditorAssemblies (410ms)
				LogAssemblyErrors (0ms)
				InitializePlatformSupportModulesInManaged (6ms)
				SetLoadedEditorAssemblies (1ms)
				RefreshPlugins (1ms)
				BeforeProcessingInitializeOnLoad (88ms)
				ProcessInitializeOnLoadAttributes (283ms)
				ProcessInitializeOnLoadMethodAttributes (28ms)
				AfterProcessingInitializeOnLoad (5ms)
				EditorAssembliesLoaded (0ms)
			ExecutionOrderSort2 (0ms)
			AwakeInstancesAfterBackupRestoration (8ms)
Platform modules already initialized, skipping
========================================================================
Worker process is ready to serve import requests
Launched and connected shader compiler UnityShaderCompiler.exe after 0.05 seconds
Refreshing native plugins compatible for Editor in 0.98 ms, found 3 plugins.
Preloading 0 native plugins for Editor in 0.00 ms.
Unloading 3069 Unused Serialized files (Serialized files now loaded: 0)
Unloading 22 unused Assets / (56.3 KB). Loaded Objects now: 3532.
Memory consumption went from 110.4 MB to 110.3 MB.
Total: 4.111600 ms (FindLiveObjects: 0.416200 ms CreateObjectMapping: 0.109800 ms MarkObjects: 3.469400 ms  DeleteObjects: 0.115000 ms)

AssetImportParameters requested are different than current active one (requested -> active):
  custom:video-decoder-ogg-theora: a1e56fd34408186e4bbccfd4996cb3dc -> 
  custom:container-muxer-webm: aa71ff27fc2769a1b78a27578f13a17b -> 
  custom:container-demuxer-webm: 4f35f7cbe854078d1ac9338744f61a02 -> 
  custom:video-encoder-webm-vp8: eb34c28f22e8b96e1ab97ce403110664 -> 
  custom:audio-encoder-webm-vorbis: bf7c407c2cedff20999df2af8eb42d56 -> 
  custom:framework-win-MediaFoundation: 216162199b28c13a410421893ffa2e32 -> 
  custom:container-demuxer-ogg: 62fdf1f143b41e24485cea50d1cbac27 -> 
  custom:video-decoder-webm-vp8: 9c59270c3fd7afecdb556c50c9e8de78 -> 
  custom:audio-decoder-ogg-vorbis: bf7c407c2cedff20999df2af8eb42d56 -> 
========================================================================
Received Import Request.
  Time since last request: 55222.068085 seconds.
  path: Assets/Scripts
  artifactKey: Guid(526fbc7f9e8e4194fb5a82e2c9ac4aa5) Importer(815301076,1909f56bfc062723c751e8b465ee728b)
Start importing Assets/Scripts using Guid(526fbc7f9e8e4194fb5a82e2c9ac4aa5) Importer(815301076,1909f56bfc062723c751e8b465ee728b)  -> (artifact id: '1aefd47c10f3f72c4d6ee733f9377a4a') in 0.017249 seconds 
========================================================================
Received Import Request.
  Time since last request: 3.381128 seconds.
  path: Assets/Scripts/Coroutine.cs
  artifactKey: Guid(dcdcb2c791cc76c4c86ed4bad8872874) Importer(815301076,1909f56bfc062723c751e8b465ee728b)
Start importing Assets/Scripts/Coroutine.cs using Guid(dcdcb2c791cc76c4c86ed4bad8872874) Importer(815301076,1909f56bfc062723c751e8b465ee728b)  -> (artifact id: '15cd22716f5cec1341f3024896e1a03b') in 0.103526 seconds 
========================================================================
Received Import Request.
  Time since last request: 8.987728 seconds.
  path: Assets/Scripts/Colicionar.cs
  artifactKey: Guid(f70f763a61cda9546b38851a144ce782) Importer(815301076,1909f56bfc062723c751e8b465ee728b)
Start importing Assets/Scripts/Colicionar.cs using Guid(f70f763a61cda9546b38851a144ce782) Importer(815301076,1909f56bfc062723c751e8b465ee728b)  -> (artifact id: '6bd93c42050ffeddc7e7c645dadde323') in 0.009002 seconds 
========================================================================
Received Prepare
Registering precompiled user dll's ...
Registered in 0.004587 seconds.
Begin MonoManager ReloadAssembly
Symbol file LoadedFromMemory doesn't match image D:\Documentos Unity\Int_Reto1\Itnter_Reto1Pacman\PildoraPuzzler\Library\PackageCache\com.unity.visualscripting@1.8.0\Editor\VisualScripting.Core\Dependencies\YamlDotNet\Unity.VisualScripting.YamlDotNet.dll
Symbol file LoadedFromMemory doesn't match image D:\Documentos Unity\Int_Reto1\Itnter_Reto1Pacman\PildoraPuzzler\Library\PackageCache\com.unity.visualscripting@1.8.0\Editor\VisualScripting.Core\Dependencies\DotNetZip\Unity.VisualScripting.IonicZip.dll
Native extension for WindowsStandalone target not found
Refreshing native plugins compatible for Editor in 0.65 ms, found 3 plugins.
Preloading 0 native plugins for Editor in 0.00 ms.
Mono: successfully reloaded assembly
- Completed reload, in  1.154 seconds
Domain Reload Profiling:
	ReloadAssembly (1155ms)
		BeginReloadAssembly (176ms)
			ExecutionOrderSort (0ms)
			DisableScriptedObjects (8ms)
			BackupInstance (0ms)
			ReleaseScriptingObjects (0ms)
			CreateAndSetChildDomain (44ms)
		EndReloadAssembly (860ms)
			LoadAssemblies (111ms)
			RebuildTransferFunctionScriptingTraits (0ms)
			SetupTypeCache (321ms)
			ReleaseScriptCaches (1ms)
			RebuildScriptCaches (48ms)
			SetupLoadedEditorAssemblies (347ms)
				LogAssemblyErrors (0ms)
				InitializePlatformSupportModulesInManaged (6ms)
				SetLoadedEditorAssemblies (1ms)
				RefreshPlugins (1ms)
				BeforeProcessingInitializeOnLoad (66ms)
				ProcessInitializeOnLoadAttributes (243ms)
				ProcessInitializeOnLoadMethodAttributes (26ms)
				AfterProcessingInitializeOnLoad (4ms)
				EditorAssembliesLoaded (0ms)
			ExecutionOrderSort2 (0ms)
			AwakeInstancesAfterBackupRestoration (8ms)
Platform modules already initialized, skipping
Refreshing native plugins compatible for Editor in 1.84 ms, found 3 plugins.
Preloading 0 native plugins for Editor in 0.00 ms.
Unloading 3049 Unused Serialized files (Serialized files now loaded: 0)
Unloading 15 unused Assets / (24.6 KB). Loaded Objects now: 3535.
Memory consumption went from 108.7 MB to 108.7 MB.
Total: 4.033500 ms (FindLiveObjects: 0.376300 ms CreateObjectMapping: 0.095800 ms MarkObjects: 3.535000 ms  DeleteObjects: 0.024700 ms)

AssetImportParameters requested are different than current active one (requested -> active):
  custom:video-decoder-ogg-theora: a1e56fd34408186e4bbccfd4996cb3dc -> 
  custom:container-muxer-webm: aa71ff27fc2769a1b78a27578f13a17b -> 
  custom:container-demuxer-webm: 4f35f7cbe854078d1ac9338744f61a02 -> 
  custom:video-encoder-webm-vp8: eb34c28f22e8b96e1ab97ce403110664 -> 
  custom:audio-encoder-webm-vorbis: bf7c407c2cedff20999df2af8eb42d56 -> 
  custom:framework-win-MediaFoundation: 216162199b28c13a410421893ffa2e32 -> 
  custom:container-demuxer-ogg: 62fdf1f143b41e24485cea50d1cbac27 -> 
  custom:video-decoder-webm-vp8: 9c59270c3fd7afecdb556c50c9e8de78 -> 
  custom:audio-decoder-ogg-vorbis: bf7c407c2cedff20999df2af8eb42d56 -> 
========================================================================
Received Import Request.
  Time since last request: 172.689448 seconds.
  path: Assets/Scripts/Colicionar.cs
  artifactKey: Guid(f70f763a61cda9546b38851a144ce782) Importer(815301076,1909f56bfc062723c751e8b465ee728b)
Start importing Assets/Scripts/Colicionar.cs using Guid(f70f763a61cda9546b38851a144ce782) Importer(815301076,1909f56bfc062723c751e8b465ee728b)  -> (artifact id: 'e9328797df3faa01e159afefc040b4e5') in 0.008730 seconds 
========================================================================
Received Import Request.
  Time since last request: 28.189769 seconds.
  path: Assets/Animacion
  artifactKey: Guid(8e2e5c1ea10d9664ba49fe156d559332) Importer(815301076,1909f56bfc062723c751e8b465ee728b)
Start importing Assets/Animacion using Guid(8e2e5c1ea10d9664ba49fe156d559332) Importer(815301076,1909f56bfc062723c751e8b465ee728b)  -> (artifact id: '5715a1697d97d22b2522650be07cf2e9') in 0.012581 seconds 
========================================================================
Received Import Request.
  Time since last request: 2.185001 seconds.
  path: Assets/CasualFantasy
  artifactKey: Guid(df9732d22fff18344ad448c98eaf533d) Importer(815301076,1909f56bfc062723c751e8b465ee728b)
Start importing Assets/CasualFantasy using Guid(df9732d22fff18344ad448c98eaf533d) Importer(815301076,1909f56bfc062723c751e8b465ee728b)  -> (artifact id: '94d7812f25c219b4964d2f7b892da94e') in 0.009583 seconds 
========================================================================
Received Import Request.
  Time since last request: 2.385784 seconds.
  path: Assets/ChompMan-PM
  artifactKey: Guid(61490a5c54a37af49a17e9b8f5784970) Importer(815301076,1909f56bfc062723c751e8b465ee728b)
Start importing Assets/ChompMan-PM using Guid(61490a5c54a37af49a17e9b8f5784970) Importer(815301076,1909f56bfc062723c751e8b465ee728b)  -> (artifact id: 'fdbcd5cade909dd134f5a7df152c7ff0') in 0.009640 seconds 
========================================================================
Received Import Request.
  Time since last request: 3.570298 seconds.
  path: Assets/ChompMan-PM/Textures
  artifactKey: Guid(61808b8ed24fcc44a8eab87690187e74) Importer(815301076,1909f56bfc062723c751e8b465ee728b)
Start importing Assets/ChompMan-PM/Textures using Guid(61808b8ed24fcc44a8eab87690187e74) Importer(815301076,1909f56bfc062723c751e8b465ee728b)  -> (artifact id: '120fdc29168afe433b979e4e908a08cd') in 0.009964 seconds 
========================================================================
Received Import Request.
  Time since last request: 3.266669 seconds.
  path: Assets/ChompMan-PM/Textures/Characters
  artifactKey: Guid(90dd43116da6c6642ab52d7087207d69) Importer(815301076,1909f56bfc062723c751e8b465ee728b)
Start importing Assets/ChompMan-PM/Textures/Characters using Guid(90dd43116da6c6642ab52d7087207d69) Importer(815301076,1909f56bfc062723c751e8b465ee728b)  -> (artifact id: '8585cce841c3478db37d16c02e63fc2c') in 0.009761 seconds 
========================================================================
Received Import Request.
  Time since last request: 0.047352 seconds.
  path: Assets/ChompMan-PM/Textures/Characters/Ghost_AlbedoTransparency.png
  artifactKey: Guid(f5ef9084262d7544a9f5fcb3273b44f0) Importer(815301076,1909f56bfc062723c751e8b465ee728b)
Start importing Assets/ChompMan-PM/Textures/Characters/Ghost_AlbedoTransparency.png using Guid(f5ef9084262d7544a9f5fcb3273b44f0) Importer(815301076,1909f56bfc062723c751e8b465ee728b)  -> (artifact id: 'e06504f415701a091d71ceee913f3d5f') in 0.168218 seconds 
========================================================================
Received Import Request.
  Time since last request: 0.000050 seconds.
  path: Assets/ChompMan-PM/Textures/Characters/Ghost_Emis_Orange.png
  artifactKey: Guid(b7f0038b4452ee848aaf990a700893f9) Importer(815301076,1909f56bfc062723c751e8b465ee728b)
Start importing Assets/ChompMan-PM/Textures/Characters/Ghost_Emis_Orange.png using Guid(b7f0038b4452ee848aaf990a700893f9) Importer(815301076,1909f56bfc062723c751e8b465ee728b)  -> (artifact id: 'ed8e50be31007fc4617daa0fa020fd92') in 0.049462 seconds 
========================================================================
Received Import Request.
  Time since last request: 0.000036 seconds.
  path: Assets/ChompMan-PM/Textures/Characters/Ghost_Emis_Red.png
  artifactKey: Guid(d1c6a05df340399428e01159fca36c37) Importer(815301076,1909f56bfc062723c751e8b465ee728b)
Start importing Assets/ChompMan-PM/Textures/Characters/Ghost_Emis_Red.png using Guid(d1c6a05df340399428e01159fca36c37) Importer(815301076,1909f56bfc062723c751e8b465ee728b)  -> (artifact id: '89991fa58ebcec6f9a4a4ee8cccf17bf') in 0.113248 seconds 
========================================================================
Received Import Request.
  Time since last request: 0.000031 seconds.
  path: Assets/ChompMan-PM/Textures/Characters/Ghost_Emis_Pink.png
  artifactKey: Guid(b8363e0d1e42b5f4f81ad73dc252e6a9) Importer(815301076,1909f56bfc062723c751e8b465ee728b)
Start importing Assets/ChompMan-PM/Textures/Characters/Ghost_Emis_Pink.png using Guid(b8363e0d1e42b5f4f81ad73dc252e6a9) Importer(815301076,1909f56bfc062723c751e8b465ee728b)  -> (artifact id: '8c29623d6fe4b2f316055f43b805acf2') in 0.081304 seconds 
========================================================================
Received Import Request.
  Time since last request: 0.000027 seconds.
  path: Assets/ChompMan-PM/Textures/Characters/Ghost_Emission.png
  artifactKey: Guid(db37a3c7415afca439ddc0295239e476) Importer(815301076,1909f56bfc062723c751e8b465ee728b)
Start importing Assets/ChompMan-PM/Textures/Characters/Ghost_Emission.png using Guid(db37a3c7415afca439ddc0295239e476) Importer(815301076,1909f56bfc062723c751e8b465ee728b)  -> (artifact id: 'e19a4b3b59c616fb150f389ac89043c6') in 0.072495 seconds 
========================================================================
Received Import Request.
  Time since last request: 3.570647 seconds.
  path: Assets/ChompMan-PM/Textures/Enviornment/Stage_Gray_AO.png
  artifactKey: Guid(c1917dd1c0533c144ab570bca7e89093) Importer(815301076,1909f56bfc062723c751e8b465ee728b)
Start importing Assets/ChompMan-PM/Textures/Enviornment/Stage_Gray_AO.png using Guid(c1917dd1c0533c144ab570bca7e89093) Importer(815301076,1909f56bfc062723c751e8b465ee728b)  -> (artifact id: '644724ebc5f93312439bd309bdc5d5de') in 0.153541 seconds 
========================================================================
Received Import Request.
  Time since last request: 2.102651 seconds.
  path: Assets/ChompMan-PM/Textures/Props/Cherry_AO.png
  artifactKey: Guid(cfaaa2152f91fb64d82c5008625adf83) Importer(815301076,1909f56bfc062723c751e8b465ee728b)
Start importing Assets/ChompMan-PM/Textures/Props/Cherry_AO.png using Guid(cfaaa2152f91fb64d82c5008625adf83) Importer(815301076,1909f56bfc062723c751e8b465ee728b)  -> (artifact id: '894809fd39e69acfc59f17fa13d3482f') in 0.188618 seconds 
========================================================================
Received Import Request.
  Time since last request: 8.512047 seconds.
  path: Assets/ChompMan-PM/Materials/Characters/GhostLitBlue_MAT.mat
  artifactKey: Guid(26bcbe1ab7bf213448c16169f6208712) Importer(815301076,1909f56bfc062723c751e8b465ee728b)
Start importing Assets/ChompMan-PM/Materials/Characters/GhostLitBlue_MAT.mat using Guid(26bcbe1ab7bf213448c16169f6208712) Importer(815301076,1909f56bfc062723c751e8b465ee728b)  -> (artifact id: '96c29dc6a375186573f5987736535464') in 0.204920 seconds 
========================================================================
Received Import Request.
  Time since last request: 2.237176 seconds.
  path: Assets/ChompMan-PM/Materials/Enviornment/StageGround_MAT.mat
  artifactKey: Guid(6e9133f69a2e8fb46b8a553802962f56) Importer(815301076,1909f56bfc062723c751e8b465ee728b)
Start importing Assets/ChompMan-PM/Materials/Enviornment/StageGround_MAT.mat using Guid(6e9133f69a2e8fb46b8a553802962f56) Importer(815301076,1909f56bfc062723c751e8b465ee728b)  -> (artifact id: 'a07098039a56c2f01968fafffd1bbd36') in 0.070148 seconds 
========================================================================
Received Import Request.
  Time since last request: 67.250984 seconds.
  path: Assets/TextMesh Pro/Shaders/TMPro_Mobile.cginc
  artifactKey: Guid(c334973cef89a9840b0b0c507e0377ab) Importer(815301076,1909f56bfc062723c751e8b465ee728b)
Start importing Assets/TextMesh Pro/Shaders/TMPro_Mobile.cginc using Guid(c334973cef89a9840b0b0c507e0377ab) Importer(815301076,1909f56bfc062723c751e8b465ee728b)  -> (artifact id: '89ec19a9bb5cbf8bdad0e1633e175a9e') in 0.028238 seconds 
========================================================================
Received Import Request.
  Time since last request: 0.000034 seconds.
  path: Assets/TextMesh Pro/Shaders/TMPro_Surface.cginc
  artifactKey: Guid(d930090c0cd643c7b55f19a38538c162) Importer(815301076,1909f56bfc062723c751e8b465ee728b)
Start importing Assets/TextMesh Pro/Shaders/TMPro_Surface.cginc using Guid(d930090c0cd643c7b55f19a38538c162) Importer(815301076,1909f56bfc062723c751e8b465ee728b)  -> (artifact id: '0b707fb793fd60a56581099cf81a197e') in 0.027533 seconds 
========================================================================
Received Import Request.
  Time since last request: 5.981323 seconds.
  path: Assets/Hovl Studio/Magic effects pack/Materials/Circle.mat
  artifactKey: Guid(4bab0f95134663b4c9c3dd73939c0ff1) Importer(815301076,1909f56bfc062723c751e8b465ee728b)
Start importing Assets/Hovl Studio/Magic effects pack/Materials/Circle.mat using Guid(4bab0f95134663b4c9c3dd73939c0ff1) Importer(815301076,1909f56bfc062723c751e8b465ee728b)  -> (artifact id: 'ba8901550d44fec2ae350d57353a37e2') in 0.266583 seconds 
========================================================================
Received Import Request.
  Time since last request: 0.000040 seconds.
  path: Assets/Hovl Studio/Magic effects pack/Materials/Electro.mat
  artifactKey: Guid(410fa9a27b8dd1f4989dd201babd7d76) Importer(815301076,1909f56bfc062723c751e8b465ee728b)
Start importing Assets/Hovl Studio/Magic effects pack/Materials/Electro.mat using Guid(410fa9a27b8dd1f4989dd201babd7d76) Importer(815301076,1909f56bfc062723c751e8b465ee728b)  -> (artifact id: '398a7221f3c15e2a8544ac8291569ee6') in 0.054541 seconds 
========================================================================
Received Import Request.
  Time since last request: 0.000047 seconds.
  path: Assets/Hovl Studio/Magic effects pack/Materials/VFXatlas.psd
  artifactKey: Guid(670f1c056a06d7049b90d1fd1e480427) Importer(815301076,1909f56bfc062723c751e8b465ee728b)
Start importing Assets/Hovl Studio/Magic effects pack/Materials/VFXatlas.psd using Guid(670f1c056a06d7049b90d1fd1e480427) Importer(815301076,1909f56bfc062723c751e8b465ee728b)  -> (artifact id: '62855c3a26ef7d30cc154f1673cb29b1') in 0.082858 seconds 
========================================================================
Received Import Request.
  Time since last request: 0.000024 seconds.
  path: Assets/Hovl Studio/Magic effects pack/Materials/MagicCircle2.mat
  artifactKey: Guid(b56ee68f36d76a648a742b6874f4d4a4) Importer(815301076,1909f56bfc062723c751e8b465ee728b)
Start importing Assets/Hovl Studio/Magic effects pack/Materials/MagicCircle2.mat using Guid(b56ee68f36d76a648a742b6874f4d4a4) Importer(815301076,1909f56bfc062723c751e8b465ee728b)  -> (artifact id: '719b01783d6d3a52f78f822d7b21da01') in 0.057560 seconds 
========================================================================
Received Import Request.
  Time since last request: 0.000036 seconds.
  path: Assets/Hovl Studio/Magic effects pack/Materials/Slash.mat
  artifactKey: Guid(8b3cc142b0783eb40be02cde5b31ca6a) Importer(815301076,1909f56bfc062723c751e8b465ee728b)
Start importing Assets/Hovl Studio/Magic effects pack/Materials/Slash.mat using Guid(8b3cc142b0783eb40be02cde5b31ca6a) Importer(815301076,1909f56bfc062723c751e8b465ee728b)  -> (artifact id: '5f62aed7063231d61d96f47778e54ffe') in 0.079511 seconds 
========================================================================
Received Import Request.
  Time since last request: 0.000033 seconds.
  path: Assets/Hovl Studio/Magic effects pack/Materials/Stone.mat
  artifactKey: Guid(5e01cbbef75a454468e5eb490ac64181) Importer(815301076,1909f56bfc062723c751e8b465ee728b)
Start importing Assets/Hovl Studio/Magic effects pack/Materials/Stone.mat using Guid(5e01cbbef75a454468e5eb490ac64181) Importer(815301076,1909f56bfc062723c751e8b465ee728b)  -> (artifact id: '15ab9ddeff6ca31fb948ceb4479661fa') in 0.064551 seconds 
========================================================================
Received Import Request.
  Time since last request: 0.000038 seconds.
  path: Assets/Hovl Studio/Magic effects pack/Materials/Mask1.mat
  artifactKey: Guid(96d60590d2a3f0143a9a84d4568d9de8) Importer(815301076,1909f56bfc062723c751e8b465ee728b)
Start importing Assets/Hovl Studio/Magic effects pack/Materials/Mask1.mat using Guid(96d60590d2a3f0143a9a84d4568d9de8) Importer(815301076,1909f56bfc062723c751e8b465ee728b)  -> (artifact id: '4b75c55904fe3992d5d37728375be798') in 0.077968 seconds 
========================================================================
Received Import Request.
  Time since last request: 0.000036 seconds.
  path: Assets/Hovl Studio/Magic effects pack/Materials/MagicCircle.mat
  artifactKey: Guid(ddac23d301cbfca45bcbe217c05f0141) Importer(815301076,1909f56bfc062723c751e8b465ee728b)
Start importing Assets/Hovl Studio/Magic effects pack/Materials/MagicCircle.mat using Guid(ddac23d301cbfca45bcbe217c05f0141) Importer(815301076,1909f56bfc062723c751e8b465ee728b)  -> (artifact id: 'e69bb5dcd7787b64603404d96bb13acb') in 0.089589 seconds 
========================================================================
Received Import Request.
  Time since last request: 0.000039 seconds.
  path: Assets/Hovl Studio/Magic effects pack/Materials/Trail67.mat
  artifactKey: Guid(228fc1317f61ac4408d84a68ea9822d3) Importer(815301076,1909f56bfc062723c751e8b465ee728b)
Start importing Assets/Hovl Studio/Magic effects pack/Materials/Trail67.mat using Guid(228fc1317f61ac4408d84a68ea9822d3) Importer(815301076,1909f56bfc062723c751e8b465ee728b)  -> (artifact id: '96fef0dd416636e27c03a4ed63735900') in 0.066310 seconds 
========================================================================
Received Import Request.
  Time since last request: 0.000059 seconds.
  path: Assets/Hovl Studio/Magic effects pack/Materials/Point.mat
  artifactKey: Guid(e546d2d7171981b468cf29388d902e99) Importer(815301076,1909f56bfc062723c751e8b465ee728b)
Start importing Assets/Hovl Studio/Magic effects pack/Materials/Point.mat using Guid(e546d2d7171981b468cf29388d902e99) Importer(815301076,1909f56bfc062723c751e8b465ee728b)  -> (artifact id: 'c401583bb35fae37f4eae6247ac8590c') in 0.040584 seconds 
========================================================================
Received Import Request.
  Time since last request: 0.000055 seconds.
  path: Assets/Hovl Studio/Magic effects pack/Materials/Floor3.mat
  artifactKey: Guid(ca6fd35d7de69cb449d560ab9228d502) Importer(815301076,1909f56bfc062723c751e8b465ee728b)
Start importing Assets/Hovl Studio/Magic effects pack/Materials/Floor3.mat using Guid(ca6fd35d7de69cb449d560ab9228d502) Importer(815301076,1909f56bfc062723c751e8b465ee728b)  -> (artifact id: 'a9967f3cedf031e2df3a21cf63a8e19d') in 0.578448 seconds 
========================================================================
Received Import Request.
  Time since last request: 6.052217 seconds.
  path: Assets/Hovl Studio/Magic effects pack/Demo scene/Lightmap-0_comp_light.exr
  artifactKey: Guid(9960b70afbb00c1468c54c31462b736a) Importer(815301076,1909f56bfc062723c751e8b465ee728b)
Start importing Assets/Hovl Studio/Magic effects pack/Demo scene/Lightmap-0_comp_light.exr using Guid(9960b70afbb00c1468c54c31462b736a) Importer(815301076,1909f56bfc062723c751e8b465ee728b)  -> (artifact id: 'a17a37ffa357201df121eef7845c2686') in 0.111728 seconds 
========================================================================
Received Import Request.
  Time since last request: 7.261095 seconds.
  path: Assets/Hovl Studio/Magic effects pack/Prefabs/Character auras/Healing.prefab
  artifactKey: Guid(1245b8d2997d5b34fb1637be70a7eb05) Importer(815301076,1909f56bfc062723c751e8b465ee728b)
Start importing Assets/Hovl Studio/Magic effects pack/Prefabs/Character auras/Healing.prefab using Guid(1245b8d2997d5b34fb1637be70a7eb05) Importer(815301076,1909f56bfc062723c751e8b465ee728b)  -> (artifact id: '199ad67a8cb08819c4e5addaa72da0f7') in 0.075493 seconds 
========================================================================
Received Import Request.
  Time since last request: 6.538092 seconds.
  path: Assets/Hovl Studio/Magic effects pack/Prefabs/Magic circles/Magic circle 2.prefab
  artifactKey: Guid(48c5715f9603c3842a353516a8baefbb) Importer(815301076,1909f56bfc062723c751e8b465ee728b)
Start importing Assets/Hovl Studio/Magic effects pack/Prefabs/Magic circles/Magic circle 2.prefab using Guid(48c5715f9603c3842a353516a8baefbb) Importer(815301076,1909f56bfc062723c751e8b465ee728b)  -> (artifact id: '0bfab0be8d50d9d576182da30798ef7f') in 0.075539 seconds 
========================================================================
Received Import Request.
  Time since last request: 4.401611 seconds.
  path: Assets/Hovl Studio/Magic effects pack/Prefabs/Slash effects/Stone slash.prefab
  artifactKey: Guid(3407e378c048bb5438424b28c7740b48) Importer(815301076,1909f56bfc062723c751e8b465ee728b)
Start importing Assets/Hovl Studio/Magic effects pack/Prefabs/Slash effects/Stone slash.prefab using Guid(3407e378c048bb5438424b28c7740b48) Importer(815301076,1909f56bfc062723c751e8b465ee728b)  -> (artifact id: 'cb1a5a0a1ed03009baf925d5ef6dcbed') in 0.035916 seconds 
========================================================================
Received Import Request.
  Time since last request: 52.527932 seconds.
  path: Assets/CasualFantasy/Spider1/SourceFiles/Material/Eyes.mat
  artifactKey: Guid(f46d773e46c23f24a96ca8349145148d) Importer(815301076,1909f56bfc062723c751e8b465ee728b)
Start importing Assets/CasualFantasy/Spider1/SourceFiles/Material/Eyes.mat using Guid(f46d773e46c23f24a96ca8349145148d) Importer(815301076,1909f56bfc062723c751e8b465ee728b)  -> (artifact id: '11401fc9e53664f86a45dd3ec2e4e711') in 0.026086 seconds 
========================================================================
Received Import Request.
  Time since last request: 18.477628 seconds.
  path: Assets/CasualFantasy/_Demo/Mat/Mat_Background.mat
  artifactKey: Guid(94fe9177967a86b499b7adc1ff6ad4fb) Importer(815301076,1909f56bfc062723c751e8b465ee728b)
Start importing Assets/CasualFantasy/_Demo/Mat/Mat_Background.mat using Guid(94fe9177967a86b499b7adc1ff6ad4fb) Importer(815301076,1909f56bfc062723c751e8b465ee728b)  -> (artifact id: '63de5d42d98152014f7b9d53e5e7b651') in 0.042860 seconds 
Editor requested this worker to shutdown with reason: Scaling down because of idle timeout
AssetImportWorker is now disconnected from the server
Process exiting
Exiting without the bug reporter. Application will terminate with return code 0